<?xml version="1.0" encoding="UTF-8"?>
<coverage generated="1561045798675" clover="3.2.0">
  <project timestamp="1561045798676" name="All files">
    <metrics statements="108" coveredstatements="74" conditionals="33" coveredconditionals="18" methods="39" coveredmethods="22" elements="180" coveredelements="114" complexity="0" loc="108" ncloc="108" packages="7" files="12" classes="12"/>
    <package name="actions">
      <metrics statements="3" coveredstatements="3" conditionals="0" coveredconditionals="0" methods="3" coveredmethods="3"/>
      <file name="notes.js" path="/Users/bendozy/Documents/Projects/React/adeva-note-app/src/actions/notes.js">
        <metrics statements="3" coveredstatements="3" conditionals="0" coveredconditionals="0" methods="3" coveredmethods="3"/>
        <line num="7" count="3" type="stmt"/>
        <line num="12" count="3" type="stmt"/>
        <line num="17" count="3" type="stmt"/>
      </file>
    </package>
    <package name="components">
      <metrics statements="69" coveredstatements="45" conditionals="24" coveredconditionals="10" methods="27" coveredmethods="14"/>
      <file name="EmptyPage.js" path="/Users/bendozy/Documents/Projects/React/adeva-note-app/src/components/EmptyPage.js">
        <metrics statements="6" coveredstatements="6" conditionals="0" coveredconditionals="0" methods="2" coveredmethods="2"/>
        <line num="7" count="3" type="stmt"/>
        <line num="13" count="3" type="stmt"/>
        <line num="14" count="1" type="stmt"/>
        <line num="16" count="1" type="stmt"/>
        <line num="37" count="3" type="stmt"/>
        <line num="42" count="3" type="stmt"/>
      </file>
      <file name="Home.js" path="/Users/bendozy/Documents/Projects/React/adeva-note-app/src/components/Home.js">
        <metrics statements="4" coveredstatements="4" conditionals="0" coveredconditionals="0" methods="2" coveredmethods="2"/>
        <line num="6" count="2" type="stmt"/>
        <line num="12" count="2" type="stmt"/>
        <line num="13" count="1" type="stmt"/>
        <line num="15" count="1" type="stmt"/>
      </file>
      <file name="Note.js" path="/Users/bendozy/Documents/Projects/React/adeva-note-app/src/components/Note.js">
        <metrics statements="22" coveredstatements="17" conditionals="3" coveredconditionals="3" methods="8" coveredmethods="5"/>
        <line num="22" count="2" type="stmt"/>
        <line num="40" count="2" type="stmt"/>
        <line num="50" count="3" type="stmt"/>
        <line num="51" count="3" type="stmt"/>
        <line num="53" count="3" type="stmt"/>
        <line num="54" count="0" type="stmt"/>
        <line num="57" count="3" type="stmt"/>
        <line num="58" count="0" type="stmt"/>
        <line num="61" count="3" type="stmt"/>
        <line num="62" count="0" type="stmt"/>
        <line num="63" count="0" type="stmt"/>
        <line num="64" count="0" type="stmt"/>
        <line num="67" count="3" type="cond" truecount="2" falsecount="0"/>
        <line num="68" count="1" type="stmt"/>
        <line num="76" count="2" type="stmt"/>
        <line num="137" count="2" type="stmt"/>
        <line num="141" count="2" type="stmt"/>
        <line num="153" count="2" type="stmt"/>
        <line num="154" count="1" type="stmt"/>
        <line num="155" count="1" type="stmt"/>
        <line num="158" count="2" type="stmt"/>
        <line num="159" count="1" type="stmt"/>
      </file>
      <file name="NoteForm.js" path="/Users/bendozy/Documents/Projects/React/adeva-note-app/src/components/NoteForm.js">
        <metrics statements="25" coveredstatements="6" conditionals="14" coveredconditionals="0" methods="10" coveredmethods="0"/>
        <line num="16" count="1" type="stmt"/>
        <line num="23" count="1" type="stmt"/>
        <line num="31" count="0" type="stmt"/>
        <line num="32" count="0" type="stmt"/>
        <line num="37" count="0" type="stmt"/>
        <line num="38" count="0" type="stmt"/>
        <line num="41" count="0" type="stmt"/>
        <line num="42" count="0" type="stmt"/>
        <line num="45" count="0" type="stmt"/>
        <line num="46" count="0" type="stmt"/>
        <line num="48" count="0" type="cond" truecount="0" falsecount="2"/>
        <line num="49" count="0" type="stmt"/>
        <line num="50" count="0" type="stmt"/>
        <line num="52" count="0" type="stmt"/>
        <line num="53" count="0" type="stmt"/>
        <line num="57" count="0" type="cond" truecount="0" falsecount="4"/>
        <line num="58" count="0" type="stmt"/>
        <line num="66" count="0" type="stmt"/>
        <line num="118" count="1" type="stmt"/>
        <line num="122" count="1" type="stmt"/>
        <line num="137" count="1" type="stmt"/>
        <line num="138" count="0" type="stmt"/>
        <line num="139" count="0" type="stmt"/>
        <line num="144" count="1" type="stmt"/>
        <line num="145" count="0" type="stmt"/>
      </file>
      <file name="NotesList.js" path="/Users/bendozy/Documents/Projects/React/adeva-note-app/src/components/NotesList.js">
        <metrics statements="12" coveredstatements="12" conditionals="7" coveredconditionals="7" methods="5" coveredmethods="5"/>
        <line num="17" count="2" type="stmt"/>
        <line num="33" count="2" type="stmt"/>
        <line num="34" count="7" type="stmt"/>
        <line num="35" count="7" type="stmt"/>
        <line num="36" count="7" type="stmt"/>
        <line num="38" count="10" type="cond" truecount="2" falsecount="0"/>
        <line num="41" count="7" type="stmt"/>
        <line num="53" count="2" type="stmt"/>
        <line num="64" count="7" type="stmt"/>
        <line num="102" count="2" type="stmt"/>
        <line num="106" count="2" type="stmt"/>
        <line num="114" count="2" type="stmt"/>
      </file>
    </package>
    <package name="constants">
      <metrics statements="3" coveredstatements="3" conditionals="0" coveredconditionals="0" methods="0" coveredmethods="0"/>
      <file name="index.js" path="/Users/bendozy/Documents/Projects/React/adeva-note-app/src/constants/index.js">
        <metrics statements="3" coveredstatements="3" conditionals="0" coveredconditionals="0" methods="0" coveredmethods="0"/>
        <line num="1" count="4" type="stmt"/>
        <line num="2" count="4" type="stmt"/>
        <line num="3" count="4" type="stmt"/>
      </file>
    </package>
    <package name="containers">
      <metrics statements="6" coveredstatements="4" conditionals="0" coveredconditionals="0" methods="3" coveredmethods="1"/>
      <file name="App.js" path="/Users/bendozy/Documents/Projects/React/adeva-note-app/src/containers/App.js">
        <metrics statements="2" coveredstatements="2" conditionals="0" coveredconditionals="0" methods="1" coveredmethods="1"/>
        <line num="6" count="1" type="stmt"/>
        <line num="7" count="1" type="stmt"/>
      </file>
      <file name="Dashboard.js" path="/Users/bendozy/Documents/Projects/React/adeva-note-app/src/containers/Dashboard.js">
        <metrics statements="4" coveredstatements="2" conditionals="0" coveredconditionals="0" methods="2" coveredmethods="0"/>
        <line num="23" count="1" type="stmt"/>
        <line num="37" count="1" type="stmt"/>
        <line num="38" count="0" type="stmt"/>
        <line num="40" count="0" type="stmt"/>
      </file>
    </package>
    <package name="reducers">
      <metrics statements="10" coveredstatements="10" conditionals="7" coveredconditionals="7" methods="3" coveredmethods="3"/>
      <file name="index.js" path="/Users/bendozy/Documents/Projects/React/adeva-note-app/src/reducers/index.js">
        <metrics statements="10" coveredstatements="10" conditionals="7" coveredconditionals="7" methods="3" coveredmethods="3"/>
        <line num="7" count="2" type="stmt"/>
        <line num="13" count="5" type="cond" truecount="4" falsecount="0"/>
        <line num="15" count="1" type="stmt"/>
        <line num="23" count="1" type="stmt"/>
        <line num="25" count="2" type="cond" truecount="2" falsecount="0"/>
        <line num="26" count="1" type="stmt"/>
        <line num="29" count="1" type="stmt"/>
        <line num="33" count="1" type="stmt"/>
        <line num="34" count="1" type="stmt"/>
        <line num="37" count="2" type="stmt"/>
      </file>
    </package>
    <package name="store">
      <metrics statements="5" coveredstatements="3" conditionals="0" coveredconditionals="0" methods="1" coveredmethods="0"/>
      <file name="index.js" path="/Users/bendozy/Documents/Projects/React/adeva-note-app/src/store/index.js">
        <metrics statements="5" coveredstatements="3" conditionals="0" coveredconditionals="0" methods="1" coveredmethods="0"/>
        <line num="6" count="1" type="stmt"/>
        <line num="8" count="1" type="stmt"/>
        <line num="13" count="1" type="stmt"/>
        <line num="14" count="0" type="stmt"/>
        <line num="16" count="0" type="stmt"/>
      </file>
    </package>
    <package name="utils">
      <metrics statements="12" coveredstatements="6" conditionals="2" coveredconditionals="1" methods="2" coveredmethods="1"/>
      <file name="localStorage.js" path="/Users/bendozy/Documents/Projects/React/adeva-note-app/src/utils/localStorage.js">
        <metrics statements="12" coveredstatements="6" conditionals="2" coveredconditionals="1" methods="2" coveredmethods="1"/>
        <line num="1" count="1" type="stmt"/>
        <line num="2" count="1" type="stmt"/>
        <line num="3" count="1" type="stmt"/>
        <line num="4" count="1" type="cond" truecount="1" falsecount="1"/>
        <line num="5" count="1" type="stmt"/>
        <line num="8" count="0" type="stmt"/>
        <line num="10" count="0" type="stmt"/>
        <line num="14" count="1" type="stmt"/>
        <line num="15" count="0" type="stmt"/>
        <line num="16" count="0" type="stmt"/>
        <line num="17" count="0" type="stmt"/>
        <line num="19" count="0" type="stmt"/>
      </file>
    </package>
  </project>
</coverage>
