{"/Users/bendozy/Documents/Projects/React/adeva-note-app/src/actions/notes.js": {"path":"/Users/bendozy/Documents/Projects/React/adeva-note-app/src/actions/notes.js","statementMap":{"0":{"start":{"line":7,"column":26},"end":{"line":10,"column":2}},"1":{"start":{"line":7,"column":35},"end":{"line":10,"column":1}},"2":{"start":{"line":12,"column":26},"end":{"line":15,"column":2}},"3":{"start":{"line":12,"column":35},"end":{"line":15,"column":1}},"4":{"start":{"line":17,"column":26},"end":{"line":20,"column":2}},"5":{"start":{"line":17,"column":33},"end":{"line":20,"column":1}}},"fnMap":{"0":{"name":"(anonymous_0)","decl":{"start":{"line":7,"column":26},"end":{"line":7,"column":27}},"loc":{"start":{"line":7,"column":35},"end":{"line":10,"column":1}},"line":7},"1":{"name":"(anonymous_1)","decl":{"start":{"line":12,"column":26},"end":{"line":12,"column":27}},"loc":{"start":{"line":12,"column":35},"end":{"line":15,"column":1}},"line":12},"2":{"name":"(anonymous_2)","decl":{"start":{"line":17,"column":26},"end":{"line":17,"column":27}},"loc":{"start":{"line":17,"column":33},"end":{"line":20,"column":1}},"line":17}},"branchMap":{},"s":{"0":3,"1":1,"2":3,"3":1,"4":3,"5":2},"f":{"0":1,"1":1,"2":2},"b":{},"_coverageSchema":"43e27e138ebf9cfc5966b082cf9a028302ed4184","hash":"7798076bb71aed38e9488098b7556052a0b74d19"}
,"/Users/bendozy/Documents/Projects/React/adeva-note-app/src/components/EmptyPage.js": {"path":"/Users/bendozy/Documents/Projects/React/adeva-note-app/src/components/EmptyPage.js","statementMap":{"0":{"start":{"line":7,"column":18},"end":{"line":11,"column":3}},"1":{"start":{"line":7,"column":39},"end":{"line":11,"column":1}},"2":{"start":{"line":13,"column":18},"end":{"line":35,"column":1}},"3":{"start":{"line":14,"column":18},"end":{"line":14,"column":29}},"4":{"start":{"line":16,"column":2},"end":{"line":34,"column":4}},"5":{"start":{"line":37,"column":0},"end":{"line":40,"column":2}},"6":{"start":{"line":42,"column":0},"end":{"line":45,"column":2}}},"fnMap":{"0":{"name":"(anonymous_0)","decl":{"start":{"line":7,"column":29},"end":{"line":7,"column":30}},"loc":{"start":{"line":7,"column":39},"end":{"line":11,"column":1}},"line":7},"1":{"name":"(anonymous_1)","decl":{"start":{"line":13,"column":18},"end":{"line":13,"column":19}},"loc":{"start":{"line":13,"column":39},"end":{"line":35,"column":1}},"line":13}},"branchMap":{},"s":{"0":3,"1":1,"2":3,"3":1,"4":1,"5":3,"6":3},"f":{"0":1,"1":1},"b":{},"_coverageSchema":"43e27e138ebf9cfc5966b082cf9a028302ed4184","hash":"62ddb368844d739b89374db10329c75695b31bf3"}
,"/Users/bendozy/Documents/Projects/React/adeva-note-app/src/components/Home.js": {"path":"/Users/bendozy/Documents/Projects/React/adeva-note-app/src/components/Home.js","statementMap":{"0":{"start":{"line":6,"column":18},"end":{"line":10,"column":3}},"1":{"start":{"line":6,"column":39},"end":{"line":10,"column":1}},"2":{"start":{"line":12,"column":13},"end":{"line":44,"column":1}},"3":{"start":{"line":13,"column":18},"end":{"line":13,"column":29}},"4":{"start":{"line":15,"column":2},"end":{"line":43,"column":4}}},"fnMap":{"0":{"name":"(anonymous_0)","decl":{"start":{"line":6,"column":29},"end":{"line":6,"column":30}},"loc":{"start":{"line":6,"column":39},"end":{"line":10,"column":1}},"line":6},"1":{"name":"(anonymous_1)","decl":{"start":{"line":12,"column":13},"end":{"line":12,"column":14}},"loc":{"start":{"line":12,"column":19},"end":{"line":44,"column":1}},"line":12}},"branchMap":{},"s":{"0":2,"1":1,"2":2,"3":1,"4":1},"f":{"0":1,"1":1},"b":{},"_coverageSchema":"43e27e138ebf9cfc5966b082cf9a028302ed4184","hash":"c541500df6b582c5fbb624e180d4e01e34c4c847"}
,"/Users/bendozy/Documents/Projects/React/adeva-note-app/src/components/Note.js": {"path":"/Users/bendozy/Documents/Projects/React/adeva-note-app/src/components/Note.js","statementMap":{"0":{"start":{"line":22,"column":18},"end":{"line":38,"column":3}},"1":{"start":{"line":22,"column":39},"end":{"line":38,"column":1}},"2":{"start":{"line":40,"column":20},"end":{"line":135,"column":1}},"3":{"start":{"line":50,"column":18},"end":{"line":50,"column":29}},"4":{"start":{"line":51,"column":26},"end":{"line":51,"column":41}},"5":{"start":{"line":53,"column":21},"end":{"line":55,"column":3}},"6":{"start":{"line":54,"column":4},"end":{"line":54,"column":18}},"7":{"start":{"line":57,"column":22},"end":{"line":59,"column":3}},"8":{"start":{"line":58,"column":4},"end":{"line":58,"column":19}},"9":{"start":{"line":61,"column":23},"end":{"line":65,"column":3}},"10":{"start":{"line":62,"column":4},"end":{"line":62,"column":24}},"11":{"start":{"line":63,"column":4},"end":{"line":63,"column":19}},"12":{"start":{"line":64,"column":4},"end":{"line":64,"column":22}},"13":{"start":{"line":67,"column":2},"end":{"line":74,"column":3}},"14":{"start":{"line":68,"column":4},"end":{"line":73,"column":6}},"15":{"start":{"line":76,"column":2},"end":{"line":134,"column":4}},"16":{"start":{"line":137,"column":0},"end":{"line":139,"column":2}},"17":{"start":{"line":141,"column":0},"end":{"line":151,"column":2}},"18":{"start":{"line":153,"column":31},"end":{"line":156,"column":4}},"19":{"start":{"line":154,"column":3},"end":{"line":156,"column":3}},"20":{"start":{"line":155,"column":29},"end":{"line":155,"column":68}},"21":{"start":{"line":158,"column":34},"end":{"line":164,"column":3}},"22":{"start":{"line":159,"column":2},"end":{"line":164,"column":3}}},"fnMap":{"0":{"name":"(anonymous_0)","decl":{"start":{"line":22,"column":29},"end":{"line":22,"column":30}},"loc":{"start":{"line":22,"column":39},"end":{"line":38,"column":1}},"line":22},"1":{"name":"(anonymous_1)","decl":{"start":{"line":40,"column":20},"end":{"line":40,"column":21}},"loc":{"start":{"line":49,"column":6},"end":{"line":135,"column":1}},"line":49},"2":{"name":"(anonymous_2)","decl":{"start":{"line":53,"column":21},"end":{"line":53,"column":22}},"loc":{"start":{"line":53,"column":27},"end":{"line":55,"column":3}},"line":53},"3":{"name":"(anonymous_3)","decl":{"start":{"line":57,"column":22},"end":{"line":57,"column":23}},"loc":{"start":{"line":57,"column":28},"end":{"line":59,"column":3}},"line":57},"4":{"name":"(anonymous_4)","decl":{"start":{"line":61,"column":23},"end":{"line":61,"column":24}},"loc":{"start":{"line":61,"column":29},"end":{"line":65,"column":3}},"line":61},"5":{"name":"(anonymous_5)","decl":{"start":{"line":153,"column":31},"end":{"line":153,"column":32}},"loc":{"start":{"line":154,"column":3},"end":{"line":156,"column":3}},"line":154},"6":{"name":"(anonymous_6)","decl":{"start":{"line":155,"column":21},"end":{"line":155,"column":22}},"loc":{"start":{"line":155,"column":29},"end":{"line":155,"column":68}},"line":155},"7":{"name":"(anonymous_7)","decl":{"start":{"line":158,"column":34},"end":{"line":158,"column":35}},"loc":{"start":{"line":159,"column":2},"end":{"line":164,"column":3}},"line":159}},"branchMap":{"0":{"loc":{"start":{"line":44,"column":8},"end":{"line":48,"column":8}},"type":"default-arg","locations":[{"start":{"line":48,"column":6},"end":{"line":48,"column":8}}],"line":44},"1":{"loc":{"start":{"line":67,"column":2},"end":{"line":74,"column":3}},"type":"if","locations":[{"start":{"line":67,"column":2},"end":{"line":74,"column":3}},{"start":{"line":67,"column":2},"end":{"line":74,"column":3}}],"line":67}},"s":{"0":2,"1":1,"2":2,"3":3,"4":3,"5":3,"6":0,"7":3,"8":0,"9":3,"10":0,"11":0,"12":0,"13":3,"14":1,"15":2,"16":2,"17":2,"18":2,"19":1,"20":1,"21":2,"22":1},"f":{"0":1,"1":3,"2":0,"3":0,"4":0,"5":1,"6":1,"7":1},"b":{"0":[1],"1":[1,2]},"_coverageSchema":"43e27e138ebf9cfc5966b082cf9a028302ed4184","hash":"8b7446ada663b5f6ef45baa829184e00195f6a46"}
,"/Users/bendozy/Documents/Projects/React/adeva-note-app/src/components/NoteForm.js": {"path":"/Users/bendozy/Documents/Projects/React/adeva-note-app/src/components/NoteForm.js","statementMap":{"0":{"start":{"line":16,"column":18},"end":{"line":21,"column":3}},"1":{"start":{"line":16,"column":39},"end":{"line":21,"column":1}},"2":{"start":{"line":23,"column":17},"end":{"line":116,"column":1}},"3":{"start":{"line":31,"column":18},"end":{"line":31,"column":29}},"4":{"start":{"line":32,"column":30},"end":{"line":35,"column":4}},"5":{"start":{"line":37,"column":23},"end":{"line":39,"column":3}},"6":{"start":{"line":37,"column":31},"end":{"line":39,"column":3}},"7":{"start":{"line":38,"column":4},"end":{"line":38,"column":57}},"8":{"start":{"line":41,"column":22},"end":{"line":43,"column":3}},"9":{"start":{"line":41,"column":30},"end":{"line":43,"column":3}},"10":{"start":{"line":42,"column":4},"end":{"line":42,"column":64}},"11":{"start":{"line":45,"column":23},"end":{"line":55,"column":3}},"12":{"start":{"line":46,"column":4},"end":{"line":46,"column":27}},"13":{"start":{"line":48,"column":4},"end":{"line":54,"column":5}},"14":{"start":{"line":49,"column":6},"end":{"line":49,"column":50}},"15":{"start":{"line":50,"column":6},"end":{"line":50,"column":40}},"16":{"start":{"line":52,"column":6},"end":{"line":52,"column":25}},"17":{"start":{"line":53,"column":6},"end":{"line":53,"column":39}},"18":{"start":{"line":57,"column":2},"end":{"line":64,"column":3}},"19":{"start":{"line":58,"column":4},"end":{"line":63,"column":6}},"20":{"start":{"line":66,"column":2},"end":{"line":115,"column":4}},"21":{"start":{"line":118,"column":0},"end":{"line":120,"column":2}},"22":{"start":{"line":122,"column":0},"end":{"line":135,"column":2}},"23":{"start":{"line":137,"column":24},"end":{"line":142,"column":4}},"24":{"start":{"line":138,"column":3},"end":{"line":142,"column":3}},"25":{"start":{"line":139,"column":29},"end":{"line":139,"column":68}},"26":{"start":{"line":144,"column":27},"end":{"line":151,"column":3}},"27":{"start":{"line":145,"column":2},"end":{"line":151,"column":3}}},"fnMap":{"0":{"name":"(anonymous_0)","decl":{"start":{"line":16,"column":29},"end":{"line":16,"column":30}},"loc":{"start":{"line":16,"column":39},"end":{"line":21,"column":1}},"line":16},"1":{"name":"(anonymous_1)","decl":{"start":{"line":23,"column":17},"end":{"line":23,"column":18}},"loc":{"start":{"line":30,"column":6},"end":{"line":116,"column":1}},"line":30},"2":{"name":"(anonymous_2)","decl":{"start":{"line":37,"column":23},"end":{"line":37,"column":24}},"loc":{"start":{"line":37,"column":31},"end":{"line":39,"column":3}},"line":37},"3":{"name":"(anonymous_3)","decl":{"start":{"line":37,"column":31},"end":{"line":37,"column":32}},"loc":{"start":{"line":37,"column":42},"end":{"line":39,"column":3}},"line":37},"4":{"name":"(anonymous_4)","decl":{"start":{"line":41,"column":22},"end":{"line":41,"column":23}},"loc":{"start":{"line":41,"column":30},"end":{"line":43,"column":3}},"line":41},"5":{"name":"(anonymous_5)","decl":{"start":{"line":41,"column":30},"end":{"line":41,"column":31}},"loc":{"start":{"line":41,"column":41},"end":{"line":43,"column":3}},"line":41},"6":{"name":"(anonymous_6)","decl":{"start":{"line":45,"column":23},"end":{"line":45,"column":24}},"loc":{"start":{"line":45,"column":34},"end":{"line":55,"column":3}},"line":45},"7":{"name":"(anonymous_7)","decl":{"start":{"line":137,"column":24},"end":{"line":137,"column":25}},"loc":{"start":{"line":138,"column":3},"end":{"line":142,"column":3}},"line":138},"8":{"name":"(anonymous_8)","decl":{"start":{"line":139,"column":21},"end":{"line":139,"column":22}},"loc":{"start":{"line":139,"column":29},"end":{"line":139,"column":68}},"line":139},"9":{"name":"(anonymous_9)","decl":{"start":{"line":144,"column":27},"end":{"line":144,"column":28}},"loc":{"start":{"line":145,"column":2},"end":{"line":151,"column":3}},"line":145}},"branchMap":{"0":{"loc":{"start":{"line":33,"column":11},"end":{"line":33,"column":33}},"type":"cond-expr","locations":[{"start":{"line":33,"column":18},"end":{"line":33,"column":28}},{"start":{"line":33,"column":31},"end":{"line":33,"column":33}}],"line":33},"1":{"loc":{"start":{"line":34,"column":13},"end":{"line":34,"column":37}},"type":"cond-expr","locations":[{"start":{"line":34,"column":20},"end":{"line":34,"column":32}},{"start":{"line":34,"column":35},"end":{"line":34,"column":37}}],"line":34},"2":{"loc":{"start":{"line":48,"column":4},"end":{"line":54,"column":5}},"type":"if","locations":[{"start":{"line":48,"column":4},"end":{"line":54,"column":5}},{"start":{"line":48,"column":4},"end":{"line":54,"column":5}}],"line":48},"3":{"loc":{"start":{"line":57,"column":2},"end":{"line":64,"column":3}},"type":"if","locations":[{"start":{"line":57,"column":2},"end":{"line":64,"column":3}},{"start":{"line":57,"column":2},"end":{"line":64,"column":3}}],"line":57},"4":{"loc":{"start":{"line":57,"column":6},"end":{"line":57,"column":25}},"type":"binary-expr","locations":[{"start":{"line":57,"column":6},"end":{"line":57,"column":16}},{"start":{"line":57,"column":20},"end":{"line":57,"column":25}}],"line":57},"5":{"loc":{"start":{"line":70,"column":11},"end":{"line":70,"column":34}},"type":"cond-expr","locations":[{"start":{"line":70,"column":18},"end":{"line":70,"column":26}},{"start":{"line":70,"column":29},"end":{"line":70,"column":34}}],"line":70},"6":{"loc":{"start":{"line":110,"column":13},"end":{"line":110,"column":39}},"type":"cond-expr","locations":[{"start":{"line":110,"column":20},"end":{"line":110,"column":28}},{"start":{"line":110,"column":31},"end":{"line":110,"column":39}}],"line":110}},"s":{"0":1,"1":0,"2":1,"3":0,"4":0,"5":0,"6":0,"7":0,"8":0,"9":0,"10":0,"11":0,"12":0,"13":0,"14":0,"15":0,"16":0,"17":0,"18":0,"19":0,"20":0,"21":1,"22":1,"23":1,"24":0,"25":0,"26":1,"27":0},"f":{"0":0,"1":0,"2":0,"3":0,"4":0,"5":0,"6":0,"7":0,"8":0,"9":0},"b":{"0":[0,0],"1":[0,0],"2":[0,0],"3":[0,0],"4":[0,0],"5":[0,0],"6":[0,0]},"_coverageSchema":"43e27e138ebf9cfc5966b082cf9a028302ed4184","hash":"145266dc094e8f32df07869643dfcb92f05f19d2"}
,"/Users/bendozy/Documents/Projects/React/adeva-note-app/src/components/NotesList.js": {"path":"/Users/bendozy/Documents/Projects/React/adeva-note-app/src/components/NotesList.js","statementMap":{"0":{"start":{"line":17,"column":18},"end":{"line":31,"column":2}},"1":{"start":{"line":33,"column":25},"end":{"line":100,"column":1}},"2":{"start":{"line":34,"column":18},"end":{"line":34,"column":29}},"3":{"start":{"line":35,"column":38},"end":{"line":35,"column":50}},"4":{"start":{"line":36,"column":24},"end":{"line":39,"column":71}},"5":{"start":{"line":38,"column":6},"end":{"line":39,"column":70}},"6":{"start":{"line":41,"column":2},"end":{"line":99,"column":4}},"7":{"start":{"line":53,"column":31},"end":{"line":53,"column":64}},"8":{"start":{"line":64,"column":14},"end":{"line":72,"column":25}},"9":{"start":{"line":102,"column":0},"end":{"line":104,"column":2}},"10":{"start":{"line":106,"column":0},"end":{"line":112,"column":2}},"11":{"start":{"line":114,"column":31},"end":{"line":114,"column":57}},"12":{"start":{"line":114,"column":47},"end":{"line":114,"column":56}}},"fnMap":{"0":{"name":"(anonymous_0)","decl":{"start":{"line":33,"column":25},"end":{"line":33,"column":26}},"loc":{"start":{"line":33,"column":40},"end":{"line":100,"column":1}},"line":33},"1":{"name":"(anonymous_1)","decl":{"start":{"line":37,"column":12},"end":{"line":37,"column":13}},"loc":{"start":{"line":38,"column":6},"end":{"line":39,"column":70}},"line":38},"2":{"name":"(anonymous_2)","decl":{"start":{"line":53,"column":22},"end":{"line":53,"column":23}},"loc":{"start":{"line":53,"column":31},"end":{"line":53,"column":64}},"line":53},"3":{"name":"(anonymous_3)","decl":{"start":{"line":62,"column":29},"end":{"line":62,"column":30}},"loc":{"start":{"line":64,"column":14},"end":{"line":72,"column":25}},"line":64},"4":{"name":"(anonymous_4)","decl":{"start":{"line":114,"column":31},"end":{"line":114,"column":32}},"loc":{"start":{"line":114,"column":47},"end":{"line":114,"column":56}},"line":114}},"branchMap":{"0":{"loc":{"start":{"line":38,"column":6},"end":{"line":39,"column":70}},"type":"binary-expr","locations":[{"start":{"line":38,"column":6},"end":{"line":38,"column":65}},{"start":{"line":39,"column":9},"end":{"line":39,"column":70}}],"line":38},"1":{"loc":{"start":{"line":75,"column":11},"end":{"line":79,"column":11}},"type":"binary-expr","locations":[{"start":{"line":75,"column":11},"end":{"line":75,"column":24}},{"start":{"line":76,"column":12},"end":{"line":78,"column":23}}],"line":75},"2":{"loc":{"start":{"line":80,"column":11},"end":{"line":84,"column":11}},"type":"binary-expr","locations":[{"start":{"line":80,"column":11},"end":{"line":80,"column":25}},{"start":{"line":80,"column":29},"end":{"line":80,"column":50}},{"start":{"line":81,"column":12},"end":{"line":83,"column":23}}],"line":80}},"s":{"0":2,"1":2,"2":7,"3":7,"4":7,"5":10,"6":7,"7":2,"8":7,"9":2,"10":2,"11":2,"12":1},"f":{"0":7,"1":10,"2":2,"3":7,"4":1},"b":{"0":[10,4],"1":[7,2],"2":[7,5,1]},"_coverageSchema":"43e27e138ebf9cfc5966b082cf9a028302ed4184","hash":"8da2c88f47236c500b52b77a0d480cb7f7f81119"}
,"/Users/bendozy/Documents/Projects/React/adeva-note-app/src/constants/index.js": {"path":"/Users/bendozy/Documents/Projects/React/adeva-note-app/src/constants/index.js","statementMap":{"0":{"start":{"line":1,"column":27},"end":{"line":1,"column":40}},"1":{"start":{"line":2,"column":27},"end":{"line":2,"column":40}},"2":{"start":{"line":3,"column":27},"end":{"line":3,"column":40}}},"fnMap":{},"branchMap":{},"s":{"0":4,"1":4,"2":4},"f":{},"b":{},"_coverageSchema":"43e27e138ebf9cfc5966b082cf9a028302ed4184","hash":"cf34bc9f5111843f160362de93b0b4b4f352cc03"}
,"/Users/bendozy/Documents/Projects/React/adeva-note-app/src/containers/App.js": {"path":"/Users/bendozy/Documents/Projects/React/adeva-note-app/src/containers/App.js","statementMap":{"0":{"start":{"line":6,"column":12},"end":{"line":10,"column":1}},"1":{"start":{"line":7,"column":2},"end":{"line":9,"column":13}}},"fnMap":{"0":{"name":"(anonymous_0)","decl":{"start":{"line":6,"column":12},"end":{"line":6,"column":13}},"loc":{"start":{"line":7,"column":2},"end":{"line":9,"column":13}},"line":7}},"branchMap":{},"s":{"0":1,"1":1},"f":{"0":1},"b":{},"_coverageSchema":"43e27e138ebf9cfc5966b082cf9a028302ed4184","hash":"da928c179759daadc855a051ed6c7a7bfa2e24df"}
,"/Users/bendozy/Documents/Projects/React/adeva-note-app/src/containers/Dashboard.js": {"path":"/Users/bendozy/Documents/Projects/React/adeva-note-app/src/containers/Dashboard.js","statementMap":{"0":{"start":{"line":23,"column":18},"end":{"line":35,"column":3}},"1":{"start":{"line":23,"column":39},"end":{"line":35,"column":1}},"2":{"start":{"line":37,"column":18},"end":{"line":80,"column":1}},"3":{"start":{"line":38,"column":18},"end":{"line":38,"column":29}},"4":{"start":{"line":40,"column":2},"end":{"line":79,"column":4}}},"fnMap":{"0":{"name":"(anonymous_0)","decl":{"start":{"line":23,"column":29},"end":{"line":23,"column":30}},"loc":{"start":{"line":23,"column":39},"end":{"line":35,"column":1}},"line":23},"1":{"name":"(anonymous_1)","decl":{"start":{"line":37,"column":18},"end":{"line":37,"column":19}},"loc":{"start":{"line":37,"column":24},"end":{"line":80,"column":1}},"line":37}},"branchMap":{},"s":{"0":1,"1":0,"2":1,"3":0,"4":0},"f":{"0":0,"1":0},"b":{},"_coverageSchema":"43e27e138ebf9cfc5966b082cf9a028302ed4184","hash":"d344027466c04c1c97765d1c23e63e249b60cb17"}
,"/Users/bendozy/Documents/Projects/React/adeva-note-app/src/reducers/index.js": {"path":"/Users/bendozy/Documents/Projects/React/adeva-note-app/src/reducers/index.js","statementMap":{"0":{"start":{"line":7,"column":28},"end":{"line":10,"column":1}},"1":{"start":{"line":13,"column":2},"end":{"line":38,"column":3}},"2":{"start":{"line":15,"column":6},"end":{"line":21,"column":9}},"3":{"start":{"line":23,"column":6},"end":{"line":31,"column":9}},"4":{"start":{"line":25,"column":10},"end":{"line":27,"column":11}},"5":{"start":{"line":26,"column":12},"end":{"line":26,"column":31}},"6":{"start":{"line":29,"column":10},"end":{"line":29,"column":22}},"7":{"start":{"line":33,"column":6},"end":{"line":35,"column":9}},"8":{"start":{"line":34,"column":46},"end":{"line":34,"column":62}},"9":{"start":{"line":37,"column":6},"end":{"line":37,"column":19}}},"fnMap":{"0":{"name":"(anonymous_0)","decl":{"start":{"line":12,"column":15},"end":{"line":12,"column":16}},"loc":{"start":{"line":12,"column":49},"end":{"line":39,"column":1}},"line":12},"1":{"name":"(anonymous_1)","decl":{"start":{"line":24,"column":31},"end":{"line":24,"column":32}},"loc":{"start":{"line":24,"column":41},"end":{"line":30,"column":9}},"line":24},"2":{"name":"(anonymous_2)","decl":{"start":{"line":34,"column":34},"end":{"line":34,"column":35}},"loc":{"start":{"line":34,"column":46},"end":{"line":34,"column":62}},"line":34}},"branchMap":{"0":{"loc":{"start":{"line":12,"column":16},"end":{"line":12,"column":36}},"type":"default-arg","locations":[{"start":{"line":12,"column":24},"end":{"line":12,"column":36}}],"line":12},"1":{"loc":{"start":{"line":13,"column":2},"end":{"line":38,"column":3}},"type":"switch","locations":[{"start":{"line":14,"column":4},"end":{"line":21,"column":9}},{"start":{"line":22,"column":4},"end":{"line":31,"column":9}},{"start":{"line":32,"column":4},"end":{"line":35,"column":9}},{"start":{"line":36,"column":4},"end":{"line":37,"column":19}}],"line":13},"2":{"loc":{"start":{"line":25,"column":10},"end":{"line":27,"column":11}},"type":"if","locations":[{"start":{"line":25,"column":10},"end":{"line":27,"column":11}},{"start":{"line":25,"column":10},"end":{"line":27,"column":11}}],"line":25}},"s":{"0":2,"1":5,"2":1,"3":1,"4":2,"5":1,"6":1,"7":1,"8":1,"9":2},"f":{"0":5,"1":2,"2":1},"b":{"0":[2],"1":[1,1,1,2],"2":[1,1]},"_coverageSchema":"43e27e138ebf9cfc5966b082cf9a028302ed4184","hash":"747b283fca1a17e90dcab841cc7543159eb81039"}
,"/Users/bendozy/Documents/Projects/React/adeva-note-app/src/store/index.js": {"path":"/Users/bendozy/Documents/Projects/React/adeva-note-app/src/store/index.js","statementMap":{"0":{"start":{"line":6,"column":23},"end":{"line":6,"column":34}},"1":{"start":{"line":8,"column":14},"end":{"line":11,"column":1}},"2":{"start":{"line":13,"column":0},"end":{"line":20,"column":10}},"3":{"start":{"line":14,"column":28},"end":{"line":14,"column":44}},"4":{"start":{"line":16,"column":2},"end":{"line":19,"column":5}}},"fnMap":{"0":{"name":"(anonymous_0)","decl":{"start":{"line":13,"column":25},"end":{"line":13,"column":26}},"loc":{"start":{"line":13,"column":31},"end":{"line":20,"column":1}},"line":13}},"branchMap":{},"s":{"0":1,"1":1,"2":1,"3":0,"4":0},"f":{"0":0},"b":{},"_coverageSchema":"43e27e138ebf9cfc5966b082cf9a028302ed4184","hash":"858d1a5c5019ab6de8a4169ea40ab2439b1a7591"}
,"/Users/bendozy/Documents/Projects/React/adeva-note-app/src/utils/localStorage.js": {"path":"/Users/bendozy/Documents/Projects/React/adeva-note-app/src/utils/localStorage.js","statementMap":{"0":{"start":{"line":1,"column":25},"end":{"line":12,"column":1}},"1":{"start":{"line":2,"column":2},"end":{"line":11,"column":3}},"2":{"start":{"line":3,"column":28},"end":{"line":3,"column":57}},"3":{"start":{"line":4,"column":4},"end":{"line":6,"column":5}},"4":{"start":{"line":5,"column":6},"end":{"line":5,"column":23}},"5":{"start":{"line":8,"column":4},"end":{"line":8,"column":39}},"6":{"start":{"line":10,"column":4},"end":{"line":10,"column":21}},"7":{"start":{"line":14,"column":25},"end":{"line":21,"column":1}},"8":{"start":{"line":15,"column":2},"end":{"line":20,"column":3}},"9":{"start":{"line":16,"column":28},"end":{"line":16,"column":49}},"10":{"start":{"line":17,"column":4},"end":{"line":17,"column":51}},"11":{"start":{"line":19,"column":4},"end":{"line":19,"column":23}}},"fnMap":{"0":{"name":"(anonymous_0)","decl":{"start":{"line":1,"column":25},"end":{"line":1,"column":26}},"loc":{"start":{"line":1,"column":31},"end":{"line":12,"column":1}},"line":1},"1":{"name":"(anonymous_1)","decl":{"start":{"line":14,"column":25},"end":{"line":14,"column":26}},"loc":{"start":{"line":14,"column":36},"end":{"line":21,"column":1}},"line":14}},"branchMap":{"0":{"loc":{"start":{"line":4,"column":4},"end":{"line":6,"column":5}},"type":"if","locations":[{"start":{"line":4,"column":4},"end":{"line":6,"column":5}},{"start":{"line":4,"column":4},"end":{"line":6,"column":5}}],"line":4}},"s":{"0":1,"1":1,"2":1,"3":1,"4":1,"5":0,"6":0,"7":1,"8":0,"9":0,"10":0,"11":0},"f":{"0":1,"1":0},"b":{"0":[1,0]},"_coverageSchema":"43e27e138ebf9cfc5966b082cf9a028302ed4184","hash":"fd6960475adba988c52552ca99f5340e3543d5f2"}
}
