TN:
SF:/Users/bendozy/Documents/Projects/React/adeva-note-app/src/actions/notes.js
FN:7,(anonymous_0)
FN:12,(anonymous_1)
FN:17,(anonymous_2)
FNF:3
FNH:3
FNDA:3,(anonymous_0)
FNDA:3,(anonymous_1)
FNDA:3,(anonymous_2)
DA:7,6
DA:12,6
DA:17,6
LF:3
LH:3
BRF:0
BRH:0
end_of_record
TN:
SF:/Users/bendozy/Documents/Projects/React/adeva-note-app/src/components/EmptyPage.js
FN:7,(anonymous_0)
FN:13,(anonymous_1)
FNF:2
FNH:2
FNDA:1,(anonymous_0)
FNDA:1,(anonymous_1)
DA:7,5
DA:13,5
DA:14,1
DA:16,1
DA:37,5
DA:42,5
LF:6
LH:6
BRF:0
BRH:0
end_of_record
TN:
SF:/Users/bendozy/Documents/Projects/React/adeva-note-app/src/components/Home.js
FN:6,(anonymous_0)
FN:12,(anonymous_1)
FNF:2
FNH:2
FNDA:1,(anonymous_0)
FNDA:1,(anonymous_1)
DA:6,3
DA:12,3
DA:13,1
DA:15,1
LF:4
LH:4
BRF:0
BRH:0
end_of_record
TN:
SF:/Users/bendozy/Documents/Projects/React/adeva-note-app/src/components/Note.js
FN:22,(anonymous_0)
FN:40,(anonymous_1)
FN:53,(anonymous_2)
FN:57,(anonymous_3)
FN:61,(anonymous_4)
FN:153,(anonymous_5)
FN:155,(anonymous_6)
FN:158,(anonymous_7)
FNF:8
FNH:8
FNDA:1,(anonymous_0)
FNDA:10,(anonymous_1)
FNDA:3,(anonymous_2)
FNDA:1,(anonymous_3)
FNDA:1,(anonymous_4)
FNDA:1,(anonymous_5)
FNDA:1,(anonymous_6)
FNDA:1,(anonymous_7)
DA:22,3
DA:40,3
DA:50,10
DA:51,10
DA:53,10
DA:54,3
DA:57,10
DA:58,1
DA:61,10
DA:62,1
DA:63,1
DA:64,1
DA:67,10
DA:68,1
DA:76,9
DA:137,3
DA:141,3
DA:153,3
DA:154,1
DA:155,1
DA:158,3
DA:159,1
LF:22
LH:22
BRDA:44,0,0,1
BRDA:67,1,0,1
BRDA:67,1,1,9
BRF:3
BRH:3
end_of_record
TN:
SF:/Users/bendozy/Documents/Projects/React/adeva-note-app/src/components/NoteForm.js
FN:16,(anonymous_0)
FN:23,(anonymous_1)
FN:38,(anonymous_2)
FN:38,(anonymous_3)
FN:43,(anonymous_4)
FN:43,(anonymous_5)
FN:47,(anonymous_6)
FN:68,(anonymous_7)
FN:165,(anonymous_8)
FN:167,(anonymous_9)
FN:172,(anonymous_10)
FNF:11
FNH:11
FNDA:1,(anonymous_0)
FNDA:25,(anonymous_1)
FNDA:48,(anonymous_2)
FNDA:5,(anonymous_3)
FNDA:24,(anonymous_4)
FNDA:1,(anonymous_5)
FNDA:3,(anonymous_6)
FNDA:3,(anonymous_7)
FNDA:1,(anonymous_8)
FNDA:1,(anonymous_9)
FNDA:2,(anonymous_10)
DA:16,3
DA:23,3
DA:31,25
DA:32,25
DA:36,25
DA:38,48
DA:39,5
DA:40,5
DA:43,25
DA:44,1
DA:47,25
DA:48,3
DA:49,3
DA:51,3
DA:53,3
DA:54,1
DA:55,1
DA:58,3
DA:59,1
DA:60,1
DA:63,3
DA:65,3
DA:68,25
DA:69,3
DA:71,3
DA:72,2
DA:73,1
DA:74,1
DA:76,1
DA:77,1
DA:82,25
DA:83,1
DA:91,24
DA:146,3
DA:150,3
DA:165,3
DA:166,1
DA:167,1
DA:172,3
DA:173,2
LF:40
LH:40
BRDA:33,0,0,4
BRDA:33,0,1,21
BRDA:34,1,0,4
BRDA:34,1,1,21
BRDA:53,2,0,1
BRDA:53,2,1,2
BRDA:58,3,0,1
BRDA:58,3,1,2
BRDA:71,4,0,2
BRDA:71,4,1,1
BRDA:72,5,0,1
BRDA:72,5,1,1
BRDA:82,6,0,1
BRDA:82,6,1,24
BRDA:82,7,0,25
BRDA:82,7,1,5
BRDA:95,8,0,4
BRDA:95,8,1,20
BRDA:138,9,0,4
BRDA:138,9,1,20
BRF:20
BRH:20
end_of_record
TN:
SF:/Users/bendozy/Documents/Projects/React/adeva-note-app/src/components/NotesList.js
FN:33,(anonymous_0)
FN:37,(anonymous_1)
FN:53,(anonymous_2)
FN:62,(anonymous_3)
FN:114,(anonymous_4)
FNF:5
FNH:5
FNDA:7,(anonymous_0)
FNDA:10,(anonymous_1)
FNDA:2,(anonymous_2)
FNDA:7,(anonymous_3)
FNDA:1,(anonymous_4)
DA:17,3
DA:33,3
DA:34,7
DA:35,7
DA:36,7
DA:38,10
DA:41,7
DA:53,2
DA:64,7
DA:102,3
DA:106,3
DA:114,3
LF:12
LH:12
BRDA:38,0,0,10
BRDA:38,0,1,4
BRDA:75,1,0,7
BRDA:75,1,1,2
BRDA:80,2,0,7
BRDA:80,2,1,5
BRDA:80,2,2,1
BRF:7
BRH:7
end_of_record
TN:
SF:/Users/bendozy/Documents/Projects/React/adeva-note-app/src/constants/index.js
FNF:0
FNH:0
DA:1,7
DA:2,7
DA:3,7
LF:3
LH:3
BRF:0
BRH:0
end_of_record
TN:
SF:/Users/bendozy/Documents/Projects/React/adeva-note-app/src/containers/App.js
FN:6,(anonymous_0)
FNF:1
FNH:1
FNDA:1,(anonymous_0)
DA:6,1
DA:7,1
LF:2
LH:2
BRF:0
BRH:0
end_of_record
TN:
SF:/Users/bendozy/Documents/Projects/React/adeva-note-app/src/containers/Dashboard.js
FN:23,(anonymous_0)
FN:37,(anonymous_1)
FNF:2
FNH:2
FNDA:1,(anonymous_0)
FNDA:1,(anonymous_1)
DA:23,2
DA:37,2
DA:38,1
DA:40,1
LF:4
LH:4
BRF:0
BRH:0
end_of_record
TN:
SF:/Users/bendozy/Documents/Projects/React/adeva-note-app/src/reducers/index.js
FN:12,(anonymous_0)
FN:24,(anonymous_1)
FN:34,(anonymous_2)
FNF:3
FNH:3
FNDA:9,(anonymous_0)
FNDA:3,(anonymous_1)
FNDA:2,(anonymous_2)
DA:7,3
DA:13,9
DA:15,2
DA:23,2
DA:25,3
DA:26,2
DA:29,1
DA:33,2
DA:34,2
DA:37,3
LF:10
LH:10
BRDA:12,0,0,3
BRDA:13,1,0,2
BRDA:13,1,1,2
BRDA:13,1,2,2
BRDA:13,1,3,3
BRDA:25,2,0,2
BRDA:25,2,1,1
BRF:7
BRH:7
end_of_record
TN:
SF:/Users/bendozy/Documents/Projects/React/adeva-note-app/src/store/index.js
FN:13,(anonymous_0)
FNF:1
FNH:1
FNDA:1,(anonymous_0)
DA:6,2
DA:8,2
DA:13,2
DA:14,1
DA:16,1
LF:5
LH:5
BRF:0
BRH:0
end_of_record
TN:
SF:/Users/bendozy/Documents/Projects/React/adeva-note-app/src/utils/localStorage.js
FN:1,(anonymous_0)
FN:14,(anonymous_1)
FNF:2
FNH:2
FNDA:2,(anonymous_0)
FNDA:1,(anonymous_1)
DA:1,2
DA:2,2
DA:3,2
DA:4,2
DA:5,2
DA:8,0
DA:10,0
DA:14,2
DA:15,1
DA:16,1
DA:17,1
DA:19,0
LF:12
LH:9
BRDA:4,0,0,2
BRDA:4,0,1,0
BRF:2
BRH:1
end_of_record
