TN:
SF:/Users/bendozy/Documents/Projects/React/adeva-note-app/src/actions/notes.js
FN:7,(anonymous_0)
FN:12,(anonymous_1)
FN:17,(anonymous_2)
FNF:3
FNH:3
FNDA:1,(anonymous_0)
FNDA:1,(anonymous_1)
FNDA:2,(anonymous_2)
DA:7,3
DA:12,3
DA:17,3
LF:3
LH:3
BRF:0
BRH:0
end_of_record
TN:
SF:/Users/bendozy/Documents/Projects/React/adeva-note-app/src/components/EmptyPage.js
FN:7,(anonymous_0)
FN:13,(anonymous_1)
FNF:2
FNH:2
FNDA:1,(anonymous_0)
FNDA:1,(anonymous_1)
DA:7,3
DA:13,3
DA:14,1
DA:16,1
DA:37,3
DA:42,3
LF:6
LH:6
BRF:0
BRH:0
end_of_record
TN:
SF:/Users/bendozy/Documents/Projects/React/adeva-note-app/src/components/Home.js
FN:6,(anonymous_0)
FN:12,(anonymous_1)
FNF:2
FNH:2
FNDA:1,(anonymous_0)
FNDA:1,(anonymous_1)
DA:6,2
DA:12,2
DA:13,1
DA:15,1
LF:4
LH:4
BRF:0
BRH:0
end_of_record
TN:
SF:/Users/bendozy/Documents/Projects/React/adeva-note-app/src/components/Note.js
FN:22,(anonymous_0)
FN:40,(anonymous_1)
FN:53,(anonymous_2)
FN:57,(anonymous_3)
FN:61,(anonymous_4)
FN:153,(anonymous_5)
FN:155,(anonymous_6)
FN:158,(anonymous_7)
FNF:8
FNH:5
FNDA:1,(anonymous_0)
FNDA:3,(anonymous_1)
FNDA:0,(anonymous_2)
FNDA:0,(anonymous_3)
FNDA:0,(anonymous_4)
FNDA:1,(anonymous_5)
FNDA:1,(anonymous_6)
FNDA:1,(anonymous_7)
DA:22,2
DA:40,2
DA:50,3
DA:51,3
DA:53,3
DA:54,0
DA:57,3
DA:58,0
DA:61,3
DA:62,0
DA:63,0
DA:64,0
DA:67,3
DA:68,1
DA:76,2
DA:137,2
DA:141,2
DA:153,2
DA:154,1
DA:155,1
DA:158,2
DA:159,1
LF:22
LH:17
BRDA:44,0,0,1
BRDA:67,1,0,1
BRDA:67,1,1,2
BRF:3
BRH:3
end_of_record
TN:
SF:/Users/bendozy/Documents/Projects/React/adeva-note-app/src/components/NoteForm.js
FN:16,(anonymous_0)
FN:23,(anonymous_1)
FN:37,(anonymous_2)
FN:37,(anonymous_3)
FN:41,(anonymous_4)
FN:41,(anonymous_5)
FN:45,(anonymous_6)
FN:137,(anonymous_7)
FN:139,(anonymous_8)
FN:144,(anonymous_9)
FNF:10
FNH:0
FNDA:0,(anonymous_0)
FNDA:0,(anonymous_1)
FNDA:0,(anonymous_2)
FNDA:0,(anonymous_3)
FNDA:0,(anonymous_4)
FNDA:0,(anonymous_5)
FNDA:0,(anonymous_6)
FNDA:0,(anonymous_7)
FNDA:0,(anonymous_8)
FNDA:0,(anonymous_9)
DA:16,1
DA:23,1
DA:31,0
DA:32,0
DA:37,0
DA:38,0
DA:41,0
DA:42,0
DA:45,0
DA:46,0
DA:48,0
DA:49,0
DA:50,0
DA:52,0
DA:53,0
DA:57,0
DA:58,0
DA:66,0
DA:118,1
DA:122,1
DA:137,1
DA:138,0
DA:139,0
DA:144,1
DA:145,0
LF:25
LH:6
BRDA:33,0,0,0
BRDA:33,0,1,0
BRDA:34,1,0,0
BRDA:34,1,1,0
BRDA:48,2,0,0
BRDA:48,2,1,0
BRDA:57,3,0,0
BRDA:57,3,1,0
BRDA:57,4,0,0
BRDA:57,4,1,0
BRDA:70,5,0,0
BRDA:70,5,1,0
BRDA:110,6,0,0
BRDA:110,6,1,0
BRF:14
BRH:0
end_of_record
TN:
SF:/Users/bendozy/Documents/Projects/React/adeva-note-app/src/components/NotesList.js
FN:33,(anonymous_0)
FN:37,(anonymous_1)
FN:53,(anonymous_2)
FN:62,(anonymous_3)
FN:114,(anonymous_4)
FNF:5
FNH:5
FNDA:7,(anonymous_0)
FNDA:10,(anonymous_1)
FNDA:2,(anonymous_2)
FNDA:7,(anonymous_3)
FNDA:1,(anonymous_4)
DA:17,2
DA:33,2
DA:34,7
DA:35,7
DA:36,7
DA:38,10
DA:41,7
DA:53,2
DA:64,7
DA:102,2
DA:106,2
DA:114,2
LF:12
LH:12
BRDA:38,0,0,10
BRDA:38,0,1,4
BRDA:75,1,0,7
BRDA:75,1,1,2
BRDA:80,2,0,7
BRDA:80,2,1,5
BRDA:80,2,2,1
BRF:7
BRH:7
end_of_record
TN:
SF:/Users/bendozy/Documents/Projects/React/adeva-note-app/src/constants/index.js
FNF:0
FNH:0
DA:1,4
DA:2,4
DA:3,4
LF:3
LH:3
BRF:0
BRH:0
end_of_record
TN:
SF:/Users/bendozy/Documents/Projects/React/adeva-note-app/src/containers/App.js
FN:6,(anonymous_0)
FNF:1
FNH:1
FNDA:1,(anonymous_0)
DA:6,1
DA:7,1
LF:2
LH:2
BRF:0
BRH:0
end_of_record
TN:
SF:/Users/bendozy/Documents/Projects/React/adeva-note-app/src/containers/Dashboard.js
FN:23,(anonymous_0)
FN:37,(anonymous_1)
FNF:2
FNH:0
FNDA:0,(anonymous_0)
FNDA:0,(anonymous_1)
DA:23,1
DA:37,1
DA:38,0
DA:40,0
LF:4
LH:2
BRF:0
BRH:0
end_of_record
TN:
SF:/Users/bendozy/Documents/Projects/React/adeva-note-app/src/reducers/index.js
FN:12,(anonymous_0)
FN:24,(anonymous_1)
FN:34,(anonymous_2)
FNF:3
FNH:3
FNDA:5,(anonymous_0)
FNDA:2,(anonymous_1)
FNDA:1,(anonymous_2)
DA:7,2
DA:13,5
DA:15,1
DA:23,1
DA:25,2
DA:26,1
DA:29,1
DA:33,1
DA:34,1
DA:37,2
LF:10
LH:10
BRDA:12,0,0,2
BRDA:13,1,0,1
BRDA:13,1,1,1
BRDA:13,1,2,1
BRDA:13,1,3,2
BRDA:25,2,0,1
BRDA:25,2,1,1
BRF:7
BRH:7
end_of_record
TN:
SF:/Users/bendozy/Documents/Projects/React/adeva-note-app/src/store/index.js
FN:13,(anonymous_0)
FNF:1
FNH:0
FNDA:0,(anonymous_0)
DA:6,1
DA:8,1
DA:13,1
DA:14,0
DA:16,0
LF:5
LH:3
BRF:0
BRH:0
end_of_record
TN:
SF:/Users/bendozy/Documents/Projects/React/adeva-note-app/src/utils/localStorage.js
FN:1,(anonymous_0)
FN:14,(anonymous_1)
FNF:2
FNH:1
FNDA:1,(anonymous_0)
FNDA:0,(anonymous_1)
DA:1,1
DA:2,1
DA:3,1
DA:4,1
DA:5,1
DA:8,0
DA:10,0
DA:14,1
DA:15,0
DA:16,0
DA:17,0
DA:19,0
LF:12
LH:6
BRDA:4,0,0,1
BRDA:4,0,1,0
BRF:2
BRH:1
end_of_record
